<?xml version="1.0" encoding="UTF-8"?>
<testsuite name="edu.jsu.mcis.CustomWidgetTest" tests="2" skipped="0" failures="0" errors="0" timestamp="2017-02-12T03:46:10" hostname="Kristen-PC" time="0.195">
  <properties/>
  <testcase name="testClickingCenterOfWidgetSelectsIt" classname="edu.jsu.mcis.CustomWidgetTest" time="0.186"/>
  <testcase name="testWidgetIsInitiallyDeselected" classname="edu.jsu.mcis.CustomWidgetTest" time="0.001"/>
  <system-out><![CDATA[]]></system-out>
  <system-err><![CDATA[]]></system-err>
</testsuite>
